Determining if the pthread_create exist failed with the following output:
Change Dir: /home/nickp/Desktop/aws-robomaker-sample-application-roverrobotics/robot_ws/build/bno055_usb_stick_msgs/CMakeFiles/CMakeTmp

Run Build Command:"/usr/bin/make" "cmTC_23da9/fast"
/usr/bin/make -f CMakeFiles/cmTC_23da9.dir/build.make CMakeFiles/cmTC_23da9.dir/build
make[1]: Entering directory '/home/nickp/Desktop/aws-robomaker-sample-application-roverrobotics/robot_ws/build/bno055_usb_stick_msgs/CMakeFiles/CMakeTmp'
Building C object CMakeFiles/cmTC_23da9.dir/CheckSymbolExists.c.o
/usr/bin/cc     -o CMakeFiles/cmTC_23da9.dir/CheckSymbolExists.c.o   -c /home/nickp/Desktop/aws-robomaker-sample-application-roverrobotics/robot_ws/build/bno055_usb_stick_msgs/CMakeFiles/CMakeTmp/CheckSymbolExists.c
Linking C executable cmTC_23da9
/usr/bin/cmake -E cmake_link_script CMakeFiles/cmTC_23da9.dir/link.txt --verbose=1
/usr/bin/cc       CMakeFiles/cmTC_23da9.dir/CheckSymbolExists.c.o  -o cmTC_23da9 -rdynamic 
CMakeFiles/cmTC_23da9.dir/CheckSymbolExists.c.o: In function `main':
CheckSymbolExists.c:(.text+0x16): undefined reference to `pthread_create'
collect2: error: ld returned 1 exit status
CMakeFiles/cmTC_23da9.dir/build.make:97: recipe for target 'cmTC_23da9' failed
make[1]: *** [cmTC_23da9] Error 1
make[1]: Leaving directory '/home/nickp/Desktop/aws-robomaker-sample-application-roverrobotics/robot_ws/build/bno055_usb_stick_msgs/CMakeFiles/CMakeTmp'
Makefile:126: recipe for target 'cmTC_23da9/fast' failed
make: *** [cmTC_23da9/fast] Error 2

File /home/nickp/Desktop/aws-robomaker-sample-application-roverrobotics/robot_ws/build/bno055_usb_stick_msgs/CMakeFiles/CMakeTmp/CheckSymbolExists.c:
/* */
#include <pthread.h>

int main(int argc, char** argv)
{
  (void)argv;
#ifndef pthread_create
  return ((int*)(&pthread_create))[argc];
#else
  (void)argc;
  return 0;
#endif
}

Determining if the function pthread_create exists in the pthreads failed with the following output:
Change Dir: /home/nickp/Desktop/aws-robomaker-sample-application-roverrobotics/robot_ws/build/bno055_usb_stick_msgs/CMakeFiles/CMakeTmp

Run Build Command:"/usr/bin/make" "cmTC_2b663/fast"
/usr/bin/make -f CMakeFiles/cmTC_2b663.dir/build.make CMakeFiles/cmTC_2b663.dir/build
make[1]: Entering directory '/home/nickp/Desktop/aws-robomaker-sample-application-roverrobotics/robot_ws/build/bno055_usb_stick_msgs/CMakeFiles/CMakeTmp'
Building C object CMakeFiles/cmTC_2b663.dir/CheckFunctionExists.c.o
/usr/bin/cc    -DCHECK_FUNCTION_EXISTS=pthread_create   -o CMakeFiles/cmTC_2b663.dir/CheckFunctionExists.c.o   -c /usr/share/cmake-3.5/Modules/CheckFunctionExists.c
Linking C executable cmTC_2b663
/usr/bin/cmake -E cmake_link_script CMakeFiles/cmTC_2b663.dir/link.txt --verbose=1
/usr/bin/cc   -DCHECK_FUNCTION_EXISTS=pthread_create    CMakeFiles/cmTC_2b663.dir/CheckFunctionExists.c.o  -o cmTC_2b663 -rdynamic -lpthreads 
/usr/bin/ld: cannot find -lpthreads
collect2: error: ld returned 1 exit status
CMakeFiles/cmTC_2b663.dir/build.make:97: recipe for target 'cmTC_2b663' failed
make[1]: *** [cmTC_2b663] Error 1
make[1]: Leaving directory '/home/nickp/Desktop/aws-robomaker-sample-application-roverrobotics/robot_ws/build/bno055_usb_stick_msgs/CMakeFiles/CMakeTmp'
Makefile:126: recipe for target 'cmTC_2b663/fast' failed
make: *** [cmTC_2b663/fast] Error 2


