Determining if the pthread_create exist failed with the following output:
Change Dir: /home/nick/aws-robomaker-sample-application-roverrobotics/robot_ws/build/tshirtbot/CMakeFiles/CMakeTmp

Run Build Command:"/usr/bin/make" "cmTC_9a882/fast"
/usr/bin/make -f CMakeFiles/cmTC_9a882.dir/build.make CMakeFiles/cmTC_9a882.dir/build
make[1]: Entering directory '/home/nick/aws-robomaker-sample-application-roverrobotics/robot_ws/build/tshirtbot/CMakeFiles/CMakeTmp'
Building C object CMakeFiles/cmTC_9a882.dir/CheckSymbolExists.c.o
/usr/bin/cc    -o CMakeFiles/cmTC_9a882.dir/CheckSymbolExists.c.o   -c /home/nick/aws-robomaker-sample-application-roverrobotics/robot_ws/build/tshirtbot/CMakeFiles/CMakeTmp/CheckSymbolExists.c
Linking C executable cmTC_9a882
/usr/bin/cmake -E cmake_link_script CMakeFiles/cmTC_9a882.dir/link.txt --verbose=1
/usr/bin/cc      -rdynamic CMakeFiles/cmTC_9a882.dir/CheckSymbolExists.c.o  -o cmTC_9a882 
CMakeFiles/cmTC_9a882.dir/CheckSymbolExists.c.o: In function `main':
CheckSymbolExists.c:(.text+0x1b): undefined reference to `pthread_create'
collect2: error: ld returned 1 exit status
CMakeFiles/cmTC_9a882.dir/build.make:97: recipe for target 'cmTC_9a882' failed
make[1]: *** [cmTC_9a882] Error 1
make[1]: Leaving directory '/home/nick/aws-robomaker-sample-application-roverrobotics/robot_ws/build/tshirtbot/CMakeFiles/CMakeTmp'
Makefile:126: recipe for target 'cmTC_9a882/fast' failed
make: *** [cmTC_9a882/fast] Error 2

File /home/nick/aws-robomaker-sample-application-roverrobotics/robot_ws/build/tshirtbot/CMakeFiles/CMakeTmp/CheckSymbolExists.c:
/* */
#include <pthread.h>

int main(int argc, char** argv)
{
  (void)argv;
#ifndef pthread_create
  return ((int*)(&pthread_create))[argc];
#else
  (void)argc;
  return 0;
#endif
}

Determining if the function pthread_create exists in the pthreads failed with the following output:
Change Dir: /home/nick/aws-robomaker-sample-application-roverrobotics/robot_ws/build/tshirtbot/CMakeFiles/CMakeTmp

Run Build Command:"/usr/bin/make" "cmTC_0c6fa/fast"
/usr/bin/make -f CMakeFiles/cmTC_0c6fa.dir/build.make CMakeFiles/cmTC_0c6fa.dir/build
make[1]: Entering directory '/home/nick/aws-robomaker-sample-application-roverrobotics/robot_ws/build/tshirtbot/CMakeFiles/CMakeTmp'
Building C object CMakeFiles/cmTC_0c6fa.dir/CheckFunctionExists.c.o
/usr/bin/cc   -DCHECK_FUNCTION_EXISTS=pthread_create   -o CMakeFiles/cmTC_0c6fa.dir/CheckFunctionExists.c.o   -c /usr/share/cmake-3.10/Modules/CheckFunctionExists.c
Linking C executable cmTC_0c6fa
/usr/bin/cmake -E cmake_link_script CMakeFiles/cmTC_0c6fa.dir/link.txt --verbose=1
/usr/bin/cc  -DCHECK_FUNCTION_EXISTS=pthread_create    -rdynamic CMakeFiles/cmTC_0c6fa.dir/CheckFunctionExists.c.o  -o cmTC_0c6fa -lpthreads 
/usr/bin/ld: cannot find -lpthreads
collect2: error: ld returned 1 exit status
CMakeFiles/cmTC_0c6fa.dir/build.make:97: recipe for target 'cmTC_0c6fa' failed
make[1]: *** [cmTC_0c6fa] Error 1
make[1]: Leaving directory '/home/nick/aws-robomaker-sample-application-roverrobotics/robot_ws/build/tshirtbot/CMakeFiles/CMakeTmp'
Makefile:126: recipe for target 'cmTC_0c6fa/fast' failed
make: *** [cmTC_0c6fa/fast] Error 2


