Determining if the pthread_create exist failed with the following output:
Change Dir: /home/nickp/Desktop/aws-robomaker-sample-application-roverrobotics/simulation_ws/build/simulation_app/CMakeFiles/CMakeTmp

Run Build Command:"/usr/bin/make" "cmTC_00f51/fast"
/usr/bin/make -f CMakeFiles/cmTC_00f51.dir/build.make CMakeFiles/cmTC_00f51.dir/build
make[1]: Entering directory '/home/nickp/Desktop/aws-robomaker-sample-application-roverrobotics/simulation_ws/build/simulation_app/CMakeFiles/CMakeTmp'
Building C object CMakeFiles/cmTC_00f51.dir/CheckSymbolExists.c.o
/usr/bin/cc     -o CMakeFiles/cmTC_00f51.dir/CheckSymbolExists.c.o   -c /home/nickp/Desktop/aws-robomaker-sample-application-roverrobotics/simulation_ws/build/simulation_app/CMakeFiles/CMakeTmp/CheckSymbolExists.c
Linking C executable cmTC_00f51
/usr/bin/cmake -E cmake_link_script CMakeFiles/cmTC_00f51.dir/link.txt --verbose=1
/usr/bin/cc       CMakeFiles/cmTC_00f51.dir/CheckSymbolExists.c.o  -o cmTC_00f51 -rdynamic 
CMakeFiles/cmTC_00f51.dir/CheckSymbolExists.c.o: In function `main':
CheckSymbolExists.c:(.text+0x16): undefined reference to `pthread_create'
collect2: error: ld returned 1 exit status
CMakeFiles/cmTC_00f51.dir/build.make:97: recipe for target 'cmTC_00f51' failed
make[1]: *** [cmTC_00f51] Error 1
make[1]: Leaving directory '/home/nickp/Desktop/aws-robomaker-sample-application-roverrobotics/simulation_ws/build/simulation_app/CMakeFiles/CMakeTmp'
Makefile:126: recipe for target 'cmTC_00f51/fast' failed
make: *** [cmTC_00f51/fast] Error 2

File /home/nickp/Desktop/aws-robomaker-sample-application-roverrobotics/simulation_ws/build/simulation_app/CMakeFiles/CMakeTmp/CheckSymbolExists.c:
/* */
#include <pthread.h>

int main(int argc, char** argv)
{
  (void)argv;
#ifndef pthread_create
  return ((int*)(&pthread_create))[argc];
#else
  (void)argc;
  return 0;
#endif
}

Determining if the function pthread_create exists in the pthreads failed with the following output:
Change Dir: /home/nickp/Desktop/aws-robomaker-sample-application-roverrobotics/simulation_ws/build/simulation_app/CMakeFiles/CMakeTmp

Run Build Command:"/usr/bin/make" "cmTC_09e5c/fast"
/usr/bin/make -f CMakeFiles/cmTC_09e5c.dir/build.make CMakeFiles/cmTC_09e5c.dir/build
make[1]: Entering directory '/home/nickp/Desktop/aws-robomaker-sample-application-roverrobotics/simulation_ws/build/simulation_app/CMakeFiles/CMakeTmp'
Building C object CMakeFiles/cmTC_09e5c.dir/CheckFunctionExists.c.o
/usr/bin/cc    -DCHECK_FUNCTION_EXISTS=pthread_create   -o CMakeFiles/cmTC_09e5c.dir/CheckFunctionExists.c.o   -c /usr/share/cmake-3.5/Modules/CheckFunctionExists.c
Linking C executable cmTC_09e5c
/usr/bin/cmake -E cmake_link_script CMakeFiles/cmTC_09e5c.dir/link.txt --verbose=1
/usr/bin/cc   -DCHECK_FUNCTION_EXISTS=pthread_create    CMakeFiles/cmTC_09e5c.dir/CheckFunctionExists.c.o  -o cmTC_09e5c -rdynamic -lpthreads 
/usr/bin/ld: cannot find -lpthreads
collect2: error: ld returned 1 exit status
CMakeFiles/cmTC_09e5c.dir/build.make:97: recipe for target 'cmTC_09e5c' failed
make[1]: *** [cmTC_09e5c] Error 1
make[1]: Leaving directory '/home/nickp/Desktop/aws-robomaker-sample-application-roverrobotics/simulation_ws/build/simulation_app/CMakeFiles/CMakeTmp'
Makefile:126: recipe for target 'cmTC_09e5c/fast' failed
make: *** [cmTC_09e5c/fast] Error 2


